-------------------------------------------------------------------------------
Test set: PublicDispatchTest
-------------------------------------------------------------------------------
Tests run: 1, Failures: 0, Errors: 1, Skipped: 0, Time elapsed: 0.006 s <<< FAILURE! -- in PublicDispatchTest
PublicDispatchTest.dispatch_assignsClosestEligibleUnit_thenLowestUnitId -- Time elapsed: 0.003 s <<< ERROR!
cityrescue.exceptions.IDNotRecognisedException: That is not a valid ID
	at cityrescue.CityRescueImpl.addUnit(CityRescueImpl.java:127)
	at PublicDispatchTest.dispatch_assignsClosestEligibleUnit_thenLowestUnitId(PublicDispatchTest.java:20)
	at java.base/java.lang.reflect.Method.invoke(Method.java:568)
	at java.base/java.util.ArrayList.forEach(ArrayList.java:1511)
	at java.base/java.util.ArrayList.forEach(ArrayList.java:1511)

