<?xml version="1.0" encoding="UTF-8"?>
<testsuite xmlns:xsi="http://www.w3.org/2001/XMLSchema-instance" xsi:noNamespaceSchemaLocation="https://maven.apache.org/surefire/maven-surefire-plugin/xsd/surefire-test-report-3.0.xsd" version="3.0" name="PublicTickLifecycleTest" time="0.003" tests="1" errors="1" skipped="0" failures="0">
  <properties>
[...]
</properties>
  <testcase name="tick_movesUnitTowardIncident_andEventuallyResolves" classname="PublicTickLifecycleTest" time="0.002">
    <error message="That is not a valid ID" type="cityrescue.exceptions.IDNotRecognisedException"><![CDATA[cityrescue.exceptions.IDNotRecognisedException: That is not a valid ID
	at cityrescue.CityRescueImpl.addUnit(CityRescueImpl.java:127)
	at PublicTickLifecycleTest.tick_movesUnitTowardIncident_andEventuallyResolves(PublicTickLifecycleTest.java:20)
	at java.base/java.lang.reflect.Method.invoke(Method.java:568)
	at java.base/java.util.ArrayList.forEach(ArrayList.java:1511)
	at java.base/java.util.ArrayList.forEach(ArrayList.java:1511)
]]></error>
  </testcase>
</testsuite>